Determining if the pthread_create exist failed with the following output:
Change Dir: /media/invincible/WORK/Programs/P4-verification/P4B-Translator/build/CMakeFiles/CMakeTmp

Run Build Command:"/usr/bin/make" "cmTC_70da2/fast"
/usr/bin/make -f CMakeFiles/cmTC_70da2.dir/build.make CMakeFiles/cmTC_70da2.dir/build
make[1]: Entering directory '/media/invincible/WORK/Programs/P4-verification/P4B-Translator/build/CMakeFiles/CMakeTmp'
Building C object CMakeFiles/cmTC_70da2.dir/CheckSymbolExists.c.o
/usr/bin/cc    -o CMakeFiles/cmTC_70da2.dir/CheckSymbolExists.c.o   -c /media/invincible/WORK/Programs/P4-verification/P4B-Translator/build/CMakeFiles/CMakeTmp/CheckSymbolExists.c
Linking C executable cmTC_70da2
/home/invincible/.local/lib/python2.7/site-packages/cmake/data/bin/cmake -E cmake_link_script CMakeFiles/cmTC_70da2.dir/link.txt --verbose=1
/usr/bin/cc      -rdynamic CMakeFiles/cmTC_70da2.dir/CheckSymbolExists.c.o  -o cmTC_70da2 
CMakeFiles/cmTC_70da2.dir/CheckSymbolExists.c.o: In function `main':
CheckSymbolExists.c:(.text+0x16): undefined reference to `pthread_create'
collect2: error: ld returned 1 exit status
CMakeFiles/cmTC_70da2.dir/build.make:86: recipe for target 'cmTC_70da2' failed
make[1]: *** [cmTC_70da2] Error 1
make[1]: Leaving directory '/media/invincible/WORK/Programs/P4-verification/P4B-Translator/build/CMakeFiles/CMakeTmp'
Makefile:121: recipe for target 'cmTC_70da2/fast' failed
make: *** [cmTC_70da2/fast] Error 2

File /media/invincible/WORK/Programs/P4-verification/P4B-Translator/build/CMakeFiles/CMakeTmp/CheckSymbolExists.c:
/* */
#include <pthread.h>

int main(int argc, char** argv)
{
  (void)argv;
#ifndef pthread_create
  return ((int*)(&pthread_create))[argc];
#else
  (void)argc;
  return 0;
#endif
}

Determining if the function pthread_create exists in the pthreads failed with the following output:
Change Dir: /media/invincible/WORK/Programs/P4-verification/P4B-Translator/build/CMakeFiles/CMakeTmp

Run Build Command:"/usr/bin/make" "cmTC_60254/fast"
/usr/bin/make -f CMakeFiles/cmTC_60254.dir/build.make CMakeFiles/cmTC_60254.dir/build
make[1]: Entering directory '/media/invincible/WORK/Programs/P4-verification/P4B-Translator/build/CMakeFiles/CMakeTmp'
Building C object CMakeFiles/cmTC_60254.dir/CheckFunctionExists.c.o
/usr/bin/cc   -DCHECK_FUNCTION_EXISTS=pthread_create   -o CMakeFiles/cmTC_60254.dir/CheckFunctionExists.c.o   -c /home/invincible/.local/lib/python2.7/site-packages/cmake/data/share/cmake-3.13/Modules/CheckFunctionExists.c
Linking C executable cmTC_60254
/home/invincible/.local/lib/python2.7/site-packages/cmake/data/bin/cmake -E cmake_link_script CMakeFiles/cmTC_60254.dir/link.txt --verbose=1
/usr/bin/cc  -DCHECK_FUNCTION_EXISTS=pthread_create    -rdynamic CMakeFiles/cmTC_60254.dir/CheckFunctionExists.c.o  -o cmTC_60254 -lpthreads 
/usr/bin/ld: cannot find -lpthreads
collect2: error: ld returned 1 exit status
CMakeFiles/cmTC_60254.dir/build.make:86: recipe for target 'cmTC_60254' failed
make[1]: *** [cmTC_60254] Error 1
make[1]: Leaving directory '/media/invincible/WORK/Programs/P4-verification/P4B-Translator/build/CMakeFiles/CMakeTmp'
Makefile:121: recipe for target 'cmTC_60254/fast' failed
make: *** [cmTC_60254/fast] Error 2


